<?xml version="1.0" encoding="UTF-8"?>
<!-- Generated by org.testng.reporters.JUnitXMLReporter -->
<testsuite ignored="0" hostname="seleniuminstance1-0" failures="1" tests="4" name="Surefire test" time="46.545" errors="0" timestamp="2023-08-25T07:44:25 UTC">
  <testcase classname="runner.Testcase1" name="addLowCostGiftCard" time="7.017">
    <failure type="java.lang.AssertionError" message="expected [true] but found [false]">
      <![CDATA[java.lang.AssertionError: expected [true] but found [false]
at runner.Testcase1.addLowCostGiftCard(Testcase1.java:133)
at java.base/java.util.ArrayList.forEach(ArrayList.java:1541)
... Removed 36 stack frames]]>
    </failure>
  </testcase> <!-- addLowCostGiftCard -->
  <testcase classname="runner.Testcase1" name="TestCheckButton" time="7.23"/>
  <testcase classname="runner.Testcase1" name="TestCheckout" time="15.534"/>
  <testcase classname="runner.Testcase1" name="Booksearch" time="2.162"/>
</testsuite> <!-- Surefire test -->
